---------------------------------------------------------------
[2019-10-20T21:54:10+08:00] ::1 POST localhost/git/wstmart/home/orders/submit.html
[运行时间：0.128476s] [吞吐率：7.78req/s] [内存消耗：4,545.87kb] [文件加载：92]
[ error ] Undefined index: getScoreVal
---------------------------------------------------------------
[2019-10-20T21:54:40+08:00] ::1 POST localhost/git/wstmart/home/orders/submit.html
[运行时间：0.187555s] [吞吐率：5.33req/s] [内存消耗：4,556.62kb] [文件加载：95]
[ error ] Undefined index: getScoreVal
---------------------------------------------------------------
[2019-10-20T21:56:08+08:00] ::1 POST localhost/git/wstmart/home/orders/submit.html
[运行时间：0.224196s] [吞吐率：4.46req/s] [内存消耗：4,556.73kb] [文件加载：95]
[ error ] Undefined index: getScoreValD:\root\git\wstmart\wstmart\common\model\Orders.php464
---------------------------------------------------------------
[2019-10-20T21:56:54+08:00] ::1 POST localhost/git/wstmart/home/orders/submit.html
[运行时间：0.263612s] [吞吐率：3.79req/s] [内存消耗：4,556.73kb] [文件加载：95]
[ error ] Undefined index: getScoreVal D:\root\git\wstmart\wstmart\common\model\Orders.php 464
---------------------------------------------------------------
[2019-10-20T22:07:08+08:00] ::1 POST localhost/git/wstmart/home/orders/submit.html
[运行时间：0.261549s] [吞吐率：3.82req/s] [内存消耗：4,556.09kb] [文件加载：95]
[ error ] Undefined index: getScoreVal D:\root\git\wstmart\wstmart\common\model\Orders.php 464
---------------------------------------------------------------
[2019-10-20T22:10:06+08:00] ::1 POST localhost/git/wstmart/home/orders/submit.html
[运行时间：0.200399s] [吞吐率：4.99req/s] [内存消耗：4,556.61kb] [文件加载：95]
[ error ] Undefined index: getScoreVal D:\root\git\wstmart\wstmart\common\model\Orders.php 464
---------------------------------------------------------------
[2019-10-20T22:13:46+08:00] ::1 POST localhost/git/wstmart/home/orders/submit.html
[运行时间：0.238340s] [吞吐率：4.20req/s] [内存消耗：4,692.65kb] [文件加载：99]
[ error ] [8]未定义数组索引: getScoreVal[D:\root\git\wstmart\wstmart\common\model\Orders.php:464]
---------------------------------------------------------------
[2019-10-20T22:15:19+08:00] ::1 POST localhost/git/wstmart/home/orders/waitReceiveByPage.html
[运行时间：0.131294s] [吞吐率：7.62req/s] [内存消耗：4,503.82kb] [文件加载：100]
[ error ] [10501]SQLSTATE[42000]: Syntax error or access violation: 1055 Expression #26 of SELECT list is not in GROUP BY clause and contains nonaggregated column 'wstmart310190930.oc.complainId' which is not functionally dependent on columns in GROUP BY clause; this is incompatible with sql_mode=only_full_group_by[D:\root\git\wstmart\thinkphp\library\think\db\Connection.php:687]
---------------------------------------------------------------
[2019-10-20T22:15:25+08:00] ::1 POST localhost/git/wstmart/home/orders/waitPayByPage.html
[运行时间：0.129720s] [吞吐率：7.71req/s] [内存消耗：4,503.36kb] [文件加载：100]
[ error ] [10501]SQLSTATE[42000]: Syntax error or access violation: 1055 Expression #26 of SELECT list is not in GROUP BY clause and contains nonaggregated column 'wstmart310190930.oc.complainId' which is not functionally dependent on columns in GROUP BY clause; this is incompatible with sql_mode=only_full_group_by[D:\root\git\wstmart\thinkphp\library\think\db\Connection.php:687]
---------------------------------------------------------------
[2019-10-20T22:15:27+08:00] ::1 POST localhost/git/wstmart/home/orders/waitReceiveByPage.html
[运行时间：0.089546s] [吞吐率：11.17req/s] [内存消耗：4,503.82kb] [文件加载：100]
[ error ] [10501]SQLSTATE[42000]: Syntax error or access violation: 1055 Expression #26 of SELECT list is not in GROUP BY clause and contains nonaggregated column 'wstmart310190930.oc.complainId' which is not functionally dependent on columns in GROUP BY clause; this is incompatible with sql_mode=only_full_group_by[D:\root\git\wstmart\thinkphp\library\think\db\Connection.php:687]
---------------------------------------------------------------
[2019-10-20T22:18:19+08:00] ::1 POST localhost/git/wstmart/home/orders/waitReceiveByPage.html
[运行时间：0.176948s] [吞吐率：5.65req/s] [内存消耗：4,503.82kb] [文件加载：100]
[ error ] [10501]SQLSTATE[42000]: Syntax error or access violation: 1055 Expression #26 of SELECT list is not in GROUP BY clause and contains nonaggregated column 'wstmart310190930.oc.complainId' which is not functionally dependent on columns in GROUP BY clause; this is incompatible with sql_mode=only_full_group_by[D:\root\git\wstmart\thinkphp\library\think\db\Connection.php:687]
---------------------------------------------------------------
[2019-10-20T22:36:06+08:00] ::1 POST localhost/git/wstmart/home/orders/waitReceiveByPage.html
[运行时间：0.166438s] [吞吐率：6.01req/s] [内存消耗：4,502.97kb] [文件加载：100]
[ error ] [10501]SQLSTATE[42000]: Syntax error or access violation: 1055 Expression #26 of SELECT list is not in GROUP BY clause and contains nonaggregated column 'wstmart310190930.oc.complainId' which is not functionally dependent on columns in GROUP BY clause; this is incompatible with sql_mode=only_full_group_by[D:\root\git\wstmart\thinkphp\library\think\db\Connection.php:687]
